<?xml version="1.0" encoding="UTF-8"?>
<testng-results ignored="0" total="1" passed="1" failed="0" skipped="0">
  <reporter-output>
  </reporter-output>
  <suite started-at="2023-08-29T01:56:49Z" name="Default suite" finished-at="2023-08-29T01:56:51Z" duration-ms="2386">
    <groups>
    </groups>
    <test started-at="2023-08-29T01:56:49Z" name="Default test" finished-at="2023-08-29T01:56:51Z" duration-ms="2386">
      <class name="com.sagrika.restAssuredApiAutomation.TestTwoRestAssured">
        <test-method is-config="true" signature="testBefore()[pri:0, instance:com.sagrika.restAssuredApiAutomation.TestTwoRestAssured@65b104b9]" started-at="2023-08-29T01:56:49Z" name="testBefore" finished-at="2023-08-29T01:56:50Z" duration-ms="821" status="PASS">
          <reporter-output>
          </reporter-output>
        </test-method> <!-- testBefore -->
        <test-method signature="testData()[pri:0, instance:com.sagrika.restAssuredApiAutomation.TestTwoRestAssured@65b104b9]" started-at="2023-08-29T01:56:50Z" name="testData" finished-at="2023-08-29T01:56:51Z" duration-ms="1547" status="PASS">
          <reporter-output>
          </reporter-output>
        </test-method> <!-- testData -->
      </class> <!-- com.sagrika.restAssuredApiAutomation.TestTwoRestAssured -->
    </test> <!-- Default test -->
  </suite> <!-- Default suite -->
</testng-results>
